Arguments: 
  C:\Program Files\nodejs\node.exe C:\Users\prime\AppData\Roaming\npm\node_modules\yarn\bin\yarn.js add @tensorflow-models/movilenet

PATH: 
  C:\Program Files (x86)\Razer\ChromaBroadcast\bin;C:\Program Files\Razer\ChromaBroadcast\bin;C:\Program Files (x86)\Common Files\Oracle\Java\javapath;C:\WINDOWS\system32;C:\WINDOWS;C:\WINDOWS\System32\Wbem;C:\WINDOWS\System32\WindowsPowerShell\v1.0\;C:\WINDOWS\System32\OpenSSH\;C:\Program Files\Microsoft SQL Server\130\Tools\Binn\;C:\Program Files\Microsoft SQL Server\Client SDK\ODBC\170\Tools\Binn\;C:\Program Files\MATLAB\R2020a\bin;C:\Program Files\dotnet\;C:\Windows\Start Menu\Programs\Python\Python3.9\Scripts\;C:\Windows\Start Menu\Programs\Python\Python3.9;C:\Users\prime\AppData\Local\GitHubDesktop\app-2.9.0\resources\app\git\cmd;C:\Cadence\SPB_17.2\tools\PSpice;C:\Cadence\SPB_17.2\tools\Capture;C:\Cadence\SPB_17.2\tools\bin;C:\Cadence\SPB_17.2\OpenAccess\bin\win32\opt;C:\Cadence\SPB_17.2\tools\fet\bin;C:\Cadence\SPB_17.2\tools\pcb\bin;C:\Program Files\Git\cmd;C:\Program Files\nodejs\;C:\WINDOWS\system32\config\systemprofile\AppData\Local\Microsoft\WindowsApps;C:\Users\prime\AppData\Local\Programs\Python\Python39\Scripts\;C:\Users\prime\AppData\Local\Programs\Python\Python39\;C:\Program Files\Java\jdk1.8.0_231\bin;C:\Users\prime\AppData\Local\Microsoft\WindowsApps;C:\Users\prime\.dotnet\tools;C:\Program Files\JetBrains\PyCharm Community Edition 2021.1.3\bin;;C:\Users\prime\AppData\Local\GitHubDesktop\bin;C:\altera\13.1\modelsim_ase\win32aloem;C:\intelFPGA_lite\18.1\modelsim_ase\win32aloem;C:\Users\prime\AppData\Local\Programs\Microsoft VS Code\bin;C:\Users\prime\AppData\Roaming\npm

Yarn version: 
  1.22.19

Node version: 
  16.15.0

Platform: 
  win32 x64

Trace: 
  Error: https://registry.yarnpkg.com/@tensorflow-models%2fmovilenet: Not found
      at Request.params.callback [as _callback] (C:\Users\prime\AppData\Roaming\npm\node_modules\yarn\lib\cli.js:66145:18)
      at Request.self.callback (C:\Users\prime\AppData\Roaming\npm\node_modules\yarn\lib\cli.js:140890:22)
      at Request.emit (node:events:527:28)
      at Request.<anonymous> (C:\Users\prime\AppData\Roaming\npm\node_modules\yarn\lib\cli.js:141862:10)
      at Request.emit (node:events:527:28)
      at IncomingMessage.<anonymous> (C:\Users\prime\AppData\Roaming\npm\node_modules\yarn\lib\cli.js:141784:12)
      at Object.onceWrapper (node:events:641:28)
      at IncomingMessage.emit (node:events:539:35)
      at endReadableNT (node:internal/streams/readable:1345:12)
      at processTicksAndRejections (node:internal/process/task_queues:83:21)

npm manifest: 
  No manifest

yarn manifest: 
  No manifest

Lockfile: 
  No lockfile
